<?xml version="1.0" encoding="UTF-8"?>
<!-- Generated by org.testng.reporters.JUnitXMLReporter -->
<testsuite hostname="apathak-MBP.local" ignored="0" name="Default test" tests="3" failures="0" timestamp="27 Oct 2020 09:26:32 GMT" time="1.95" errors="0">
  <testcase name="addBook" time="1.538" classname="files.Dynamicjson"/>
  <testcase name="addBook" time="0.202" classname="files.Dynamicjson"/>
  <testcase name="addBook" time="0.191" classname="files.Dynamicjson"/>
</testsuite> <!-- Default test -->
