<?xml version="1.0" encoding="UTF-8"?>
<testng-results skipped="0" failed="0" ignored="0" total="3" passed="3">
  <reporter-output>
  </reporter-output>
  <suite name="Default suite" duration-ms="1950" started-at="2020-10-27T09:26:30Z" finished-at="2020-10-27T09:26:32Z">
    <groups>
    </groups>
    <test name="Default test" duration-ms="1950" started-at="2020-10-27T09:26:30Z" finished-at="2020-10-27T09:26:32Z">
      <class name="files.Dynamicjson">
        <test-method status="PASS" signature="addBook(java.lang.String, java.lang.String)[pri:0, instance:files.Dynamicjson@c038203]" name="addBook" duration-ms="1538" started-at="2020-10-27T14:56:30Z" data-provider="BooksData" finished-at="2020-10-27T14:56:32Z">
          <params>
            <param index="0">
              <value>
                <![CDATA[hari]]>
              </value>
            </param>
            <param index="1">
              <value>
                <![CDATA[1234]]>
              </value>
            </param>
          </params>
          <reporter-output>
          </reporter-output>
        </test-method> <!-- addBook -->
        <test-method status="PASS" signature="addBook(java.lang.String, java.lang.String)[pri:0, instance:files.Dynamicjson@c038203]" name="addBook" duration-ms="202" started-at="2020-10-27T14:56:32Z" data-provider="BooksData" finished-at="2020-10-27T14:56:32Z">
          <params>
            <param index="0">
              <value>
                <![CDATA[bol]]>
              </value>
            </param>
            <param index="1">
              <value>
                <![CDATA[3456]]>
              </value>
            </param>
          </params>
          <reporter-output>
          </reporter-output>
        </test-method> <!-- addBook -->
        <test-method status="PASS" signature="addBook(java.lang.String, java.lang.String)[pri:0, instance:files.Dynamicjson@c038203]" name="addBook" duration-ms="191" started-at="2020-10-27T14:56:32Z" data-provider="BooksData" finished-at="2020-10-27T14:56:32Z">
          <params>
            <param index="0">
              <value>
                <![CDATA[ram]]>
              </value>
            </param>
            <param index="1">
              <value>
                <![CDATA[5678]]>
              </value>
            </param>
          </params>
          <reporter-output>
          </reporter-output>
        </test-method> <!-- addBook -->
      </class> <!-- files.Dynamicjson -->
    </test> <!-- Default test -->
  </suite> <!-- Default suite -->
</testng-results>
